<?xml version="1.0" encoding="UTF-8"?>
<!-- Generated by org.testng.reporters.JUnitReportReporter -->
<testsuite hostname="ARGANO-68Q6NN2" failures="0" tests="1" name="com.keste.testcases.Salesforce_Test" time="64.367" errors="0" timestamp="2023-05-31T13:41:37 IST" skipped="0">
  <testcase classname="com.keste.testcases.Salesforce_Test" name="CreateLeadAccount" time="64.367"/>
  <system-out/>
</testsuite> <!-- com.keste.testcases.Salesforce_Test -->
